<?xml version="1.0" encoding="UTF-8"?>
<TestRun id="308b9977-dbf4-4c62-8b2d-9c05de1d13c8" name="Administrator@USER-20160608LK 2017-06-22 09:44:50" runUser="USER-20160608LK\Administrator" xmlns="http://microsoft.com/schemas/VisualStudio/TeamTest/2010">
  <TestSettings name="本地" id="3d76eb7e-cc8c-4697-b55f-86215fc69bc1">
    <Description>这些设置为本地测试运行的默认测试设置。</Description>
    <Deployment enabled="false" runDeploymentRoot="Administrator_USER-20160608LK 2017-06-22 09_44_50">
      <DeploymentItem filename="E:\c#\c#基础\Form\Test\bin\Debug\Test.exe" />
    </Deployment>
    <Execution>
      <TestTypeSpecific />
      <AgentRule name="Execution Agents">
      </AgentRule>
    </Execution>
  </TestSettings>
  <Times creation="2017-06-22T09:44:50.6332807+08:00" queuing="2017-06-22T09:44:51.9042040+08:00" start="2017-06-22T09:44:51.9787575+08:00" finish="2017-06-22T09:45:27.4982337+08:00" />
  <ResultSummary outcome="Failed">
    <Counters total="1" executed="1" error="0" failed="1" timeout="0" aborted="0" inconclusive="0" passedButRunAborted="0" notRunnable="0" notExecuted="0" disconnected="0" warning="0" passed="0" completed="0" inProgress="0" pending="0" />
  </ResultSummary>
  <TestDefinitions>
    <UnitTest name="AddNumTest" storage="e:\c#\c#基础\form\testadd\bin\debug\testadd.dll" id="0da5fd95-0298-6ff8-9b99-343aac0d8bc6">
      <Execution id="d2b90698-230a-407c-a325-0e0095595e58" />
      <TestMethod codeBase="E:/c#/c#基础/Form/TestAdd/bin/Debug/TestAdd.DLL" adapterTypeName="Microsoft.VisualStudio.TestTools.TestTypes.Unit.UnitTestAdapter, Microsoft.VisualStudio.QualityTools.Tips.UnitTest.Adapter, Version=10.0.0.0, Culture=neutral, PublicKeyToken=b03f5f7f11d50a3a" className="TestAdd.AddTest, TestAdd, Version=1.0.0.0, Culture=neutral, PublicKeyToken=null" name="AddNumTest" />
    </UnitTest>
  </TestDefinitions>
  <TestLists>
    <TestList name="列表中未列出的结果" id="8c84fa94-04c1-424b-9868-57a2d4851a1d" />
    <TestList name="所有已加载的结果" id="19431567-8539-422a-85d7-44ee4e166bda" />
  </TestLists>
  <TestEntries>
    <TestEntry testId="0da5fd95-0298-6ff8-9b99-343aac0d8bc6" executionId="d2b90698-230a-407c-a325-0e0095595e58" testListId="8c84fa94-04c1-424b-9868-57a2d4851a1d" />
  </TestEntries>
  <Results>
    <UnitTestResult executionId="d2b90698-230a-407c-a325-0e0095595e58" testId="0da5fd95-0298-6ff8-9b99-343aac0d8bc6" testName="AddNumTest" computerName="USER-20160608LK" duration="00:00:34.2162971" startTime="2017-06-22T09:44:52.0202888+08:00" endTime="2017-06-22T09:45:27.3707750+08:00" testType="13cdc9d9-ddb5-4fa4-a97d-d965ccfc6d4b" outcome="Failed" testListId="8c84fa94-04c1-424b-9868-57a2d4851a1d" relativeResultsDirectory="d2b90698-230a-407c-a325-0e0095595e58">
      <Output>
        <ErrorInfo>
          <Message>Assert.AreEqual 失败。应为: &lt;1&gt;，实际为: &lt;0&gt;。</Message>
          <StackTrace>   在 TestAdd.AddTest.AddNumTest()
</StackTrace>
        </ErrorInfo>
      </Output>
    </UnitTestResult>
  </Results>
</TestRun>